<?xml version="1.0" encoding="UTF-8"?>
<!-- Generated by org.testng.reporters.JUnitReportReporter -->
<testsuite hostname="Lenovo" failures="0" tests="1" name="tests.TS_005_CartFunctionalityTest" time="30.693" errors="0" timestamp="2024-12-17T17:09:54 IST" skipped="0">
  <testcase classname="tests.TS_005_CartFunctionalityTest" name="validateCartFunctionality" time="30.693"/>
</testsuite> <!-- tests.TS_005_CartFunctionalityTest -->
