<?xml version="1.0" encoding="UTF-8"?>
<!-- Generated by org.testng.reporters.JUnitReportReporter -->
<testsuite hostname="Lenovo" failures="0" tests="1" name="tests.TS_004_ProductDetailsTest" time="96.233" errors="0" timestamp="2024-12-17T17:08:24 IST" skipped="0">
  <testcase classname="tests.TS_004_ProductDetailsTest" name="checkProductDetails" time="96.233"/>
</testsuite> <!-- tests.TS_004_ProductDetailsTest -->
