<?xml version="1.0" encoding="UTF-8"?>
<!-- Generated by org.testng.reporters.JUnitReportReporter -->
<testsuite hostname="Lenovo" failures="0" tests="1" name="tests.TS_001_SignUpTest" time="20.112" errors="0" timestamp="2024-12-17T17:19:13 IST" skipped="0">
  <testcase classname="tests.TS_001_SignUpTest" name="SignUpToDemoblaze" time="20.112"/>
</testsuite> <!-- tests.TS_001_SignUpTest -->
