<?xml version="1.0" encoding="UTF-8"?>
<!-- Generated by org.testng.reporters.JUnitReportReporter -->
<testsuite hostname="Lenovo" failures="0" tests="1" name="tests.TS_007_LogoutTest" time="45.245" errors="0" timestamp="2024-12-17T17:14:08 IST" skipped="0">
  <testcase classname="tests.TS_007_LogoutTest" name="validateLogoutFunctionality" time="45.245"/>
</testsuite> <!-- tests.TS_007_LogoutTest -->
