<?xml version="1.0" encoding="UTF-8"?>
<!-- Generated by org.testng.reporters.JUnitReportReporter -->
<testsuite hostname="Lenovo" failures="0" tests="1" name="tests.TS_002_LoginTest" time="15.960" errors="0" timestamp="2024-12-17T17:19:13 IST" skipped="0">
  <testcase classname="tests.TS_002_LoginTest" name="LoginToDemoBlaze" time="15.960"/>
</testsuite> <!-- tests.TS_002_LoginTest -->
