<?xml version="1.0" encoding="UTF-8"?>
<!-- Generated by org.testng.reporters.JUnitReportReporter -->
<testsuite hostname="Lenovo" failures="0" tests="1" name="tests.TS_003_DashboardTest" time="41.559" errors="0" timestamp="2024-12-17T17:39:12 IST" skipped="0">
  <testcase classname="tests.TS_003_DashboardTest" name="seeWelcomeUserMessage" time="41.559"/>
</testsuite> <!-- tests.TS_003_DashboardTest -->
