<?xml version="1.0" encoding="UTF-8"?>
<!-- Generated by org.testng.reporters.JUnitReportReporter -->
<testsuite hostname="Lenovo" failures="0" tests="1" name="tests.TS_006_PurchaseTest" time="43.265" errors="0" timestamp="2024-12-17T17:11:38 IST" skipped="0">
  <testcase classname="tests.TS_006_PurchaseTest" name="purchaseFunctionality" time="43.265"/>
</testsuite> <!-- tests.TS_006_PurchaseTest -->
