<?xml version="1.0" encoding="UTF-8"?>
<!-- Generated by org.testng.reporters.JUnitReportReporter -->
<testsuite hostname="Lenovo" failures="0" tests="1" name="tests.TS_004_ProductDetailsTest" time="142.965" errors="0" timestamp="2024-12-17T17:35:04 IST" skipped="0">
  <testcase classname="tests.TS_004_ProductDetailsTest" name="checkProductDetails" time="142.965"/>
</testsuite> <!-- tests.TS_004_ProductDetailsTest -->
