<?xml version="1.0" encoding="UTF-8"?>
<!-- Generated by org.testng.reporters.JUnitReportReporter -->
<testsuite hostname="Lenovo" failures="0" tests="1" name="tests.TS_001_SignUpTest" time="52.408" errors="0" timestamp="2024-12-17T17:35:04 IST" skipped="0">
  <testcase classname="tests.TS_001_SignUpTest" name="SignUpToDemoblaze" time="52.408"/>
</testsuite> <!-- tests.TS_001_SignUpTest -->
