<?xml version="1.0" encoding="UTF-8"?>
<!-- Generated by org.testng.reporters.JUnitReportReporter -->
<testsuite hostname="Lenovo" failures="0" tests="1" name="tests.TS_007_LogoutTest" time="78.670" errors="0" timestamp="2024-12-17T17:35:04 IST" skipped="0">
  <testcase classname="tests.TS_007_LogoutTest" name="validateLogoutFunctionality" time="78.670"/>
</testsuite> <!-- tests.TS_007_LogoutTest -->
