<?xml version="1.0" encoding="UTF-8"?>
<!-- Generated by org.testng.reporters.JUnitReportReporter -->
<testsuite hostname="Lenovo" failures="0" tests="1" name="tests.TS_005_CartFunctionalityTest" time="33.698" errors="0" timestamp="2024-12-17T17:35:03 IST" skipped="0">
  <testcase classname="tests.TS_005_CartFunctionalityTest" name="validateCartFunctionality" time="33.698"/>
</testsuite> <!-- tests.TS_005_CartFunctionalityTest -->
